<?xml version="1.0" encoding="UTF-8"?>
<testng-results ignored="0" total="1" passed="1" failed="0" skipped="0">
  <reporter-output>
  </reporter-output>
  <suite started-at="2025-10-24T19:58:18 IST" name="Default suite" finished-at="2025-10-24T19:58:21 IST" duration-ms="3011">
    <groups>
    </groups>
    <test started-at="2025-10-24T19:58:18 IST" name="Default test" finished-at="2025-10-24T19:58:21 IST" duration-ms="3011">
      <class name="testCases.EmployeeCRUDTest">
        <test-method is-config="true" signature="setup()[pri:0, instance:testCases.EmployeeCRUDTest@1e66f1f5]" started-at="2025-10-24T19:58:18 IST" name="setup" finished-at="2025-10-24T19:58:19 IST" duration-ms="533" status="PASS">
          <reporter-output>
          </reporter-output>
        </test-method> <!-- setup -->
        <test-method signature="testCreateGetUpdateDeleteEmployee()[pri:1, instance:testCases.EmployeeCRUDTest@1e66f1f5]" started-at="2025-10-24T19:58:19 IST" name="testCreateGetUpdateDeleteEmployee" finished-at="2025-10-24T19:58:21 IST" duration-ms="2445" status="PASS">
          <reporter-output>
          </reporter-output>
        </test-method> <!-- testCreateGetUpdateDeleteEmployee -->
      </class> <!-- testCases.EmployeeCRUDTest -->
    </test> <!-- Default test -->
  </suite> <!-- Default suite -->
</testng-results>
